[debug] [2021-02-28T05:56:38.032Z] ----------------------------------------------------------------------
[debug] [2021-02-28T05:56:38.035Z] Command:       /usr/local/bin/node /usr/local/bin/firebase emulators:start
[debug] [2021-02-28T05:56:38.035Z] CLI Version:   9.4.0
[debug] [2021-02-28T05:56:38.035Z] Platform:      darwin
[debug] [2021-02-28T05:56:38.035Z] Node Version:  v14.15.4
[debug] [2021-02-28T05:56:38.037Z] Time:          Sat Feb 27 2021 23:56:38 GMT-0600 (Central Standard Time)
[debug] [2021-02-28T05:56:38.037Z] ----------------------------------------------------------------------
[debug] [2021-02-28T05:56:38.037Z] 
[debug] [2021-02-28T05:56:38.054Z] > command requires scopes: ["email","openid","https://www.googleapis.com/auth/cloudplatformprojects.readonly","https://www.googleapis.com/auth/firebase","https://www.googleapis.com/auth/cloud-platform"]
[debug] [2021-02-28T05:56:38.055Z] > authorizing via signed-in user
[info] i  emulators: Starting emulators: functions, hosting {"metadata":{"emulator":{"name":"hub"},"message":"Starting emulators: functions, hosting"}}
[debug] [2021-02-28T05:56:38.084Z] [hub] writing locator at /tmp/hub-challenge-fe8f5.json
[warn] ⚠  functions: The following emulators are not running, calls to these services from the Functions emulator will affect production: auth, firestore, database, pubsub {"metadata":{"emulator":{"name":"functions"},"message":"The following emulators are not running, calls to these services from the Functions emulator will affect production: \u001b[1mauth, firestore, database, pubsub\u001b[22m"}}
[warn] ⚠  Your requested "node" version "12" doesn't match your global version "14" {"metadata":{"emulator":{"name":"functions"},"message":"Your requested \"node\" version \"12\" doesn't match your global version \"14\""}}
[debug] [2021-02-28T05:56:38.113Z] defaultcredentials: writing to file /Users/zidaan/.config/firebase/dr_zidaan28_gmail.com_application_default_credentials.json
[debug] [2021-02-28T05:56:38.119Z] Setting GAC to /Users/zidaan/.config/firebase/dr_zidaan28_gmail.com_application_default_credentials.json {"metadata":{"emulator":{"name":"functions"},"message":"Setting GAC to /Users/zidaan/.config/firebase/dr_zidaan28_gmail.com_application_default_credentials.json"}}
[debug] [2021-02-28T05:56:38.122Z] > refreshing access token with scopes: []
[debug] [2021-02-28T05:56:38.123Z] >>> HTTP REQUEST POST https://www.googleapis.com/oauth2/v3/token  
 <request body omitted>
[debug] [2021-02-28T05:56:38.454Z] <<< HTTP RESPONSE 200 {"pragma":"no-cache","expires":"Mon, 01 Jan 1990 00:00:00 GMT","cache-control":"no-cache, no-store, max-age=0, must-revalidate","date":"Sun, 28 Feb 2021 05:56:38 GMT","content-type":"application/json; charset=utf-8","vary":"X-Origin, Referer, Origin,Accept-Encoding","server":"scaffolding on HTTPServer2","x-xss-protection":"0","x-frame-options":"SAMEORIGIN","x-content-type-options":"nosniff","alt-svc":"h3-29=\":443\"; ma=2592000,h3-T051=\":443\"; ma=2592000,h3-Q050=\":443\"; ma=2592000,h3-Q046=\":443\"; ma=2592000,h3-Q043=\":443\"; ma=2592000,quic=\":443\"; ma=2592000; v=\"46,43\"","accept-ranges":"none","transfer-encoding":"chunked"}
[debug] [2021-02-28T05:56:38.479Z] >>> [apiv2][query] GET https://firebase.googleapis.com/v1beta1/projects/challenge-fe8f5/adminSdkConfig [none]
[debug] [2021-02-28T05:56:38.996Z] <<< [apiv2][status] GET https://firebase.googleapis.com/v1beta1/projects/challenge-fe8f5/adminSdkConfig 200
[debug] [2021-02-28T05:56:38.997Z] <<< [apiv2][body] GET https://firebase.googleapis.com/v1beta1/projects/challenge-fe8f5/adminSdkConfig {"projectId":"challenge-fe8f5","storageBucket":"challenge-fe8f5.appspot.com"}
[debug] [2021-02-28T05:56:39.298Z] >>> [apiv2][query] GET https://firebase.googleapis.com/v1beta1/projects/challenge-fe8f5/webApps/-/config [none]
[debug] [2021-02-28T05:56:39.875Z] <<< [apiv2][status] GET https://firebase.googleapis.com/v1beta1/projects/challenge-fe8f5/webApps/-/config 200
[debug] [2021-02-28T05:56:39.875Z] <<< [apiv2][body] GET https://firebase.googleapis.com/v1beta1/projects/challenge-fe8f5/webApps/-/config {"projectId":"challenge-fe8f5","appId":"1:1052104980186:web:d78b5f3557fd02d74a97e3","storageBucket":"challenge-fe8f5.appspot.com","apiKey":"AIzaSyD6-P_GJxpGO9DkCWdJvv5cq3kmL0S00cA","authDomain":"challenge-fe8f5.firebaseapp.com","messagingSenderId":"1052104980186","measurementId":"G-KETD5EDF25"}
[info] i  hosting: Serving hosting files from: build {"metadata":{"emulator":{"name":"hosting"},"message":"Serving hosting files from: \u001b[1mbuild\u001b[22m"}}
[info] ✔  hosting: Local server: http://localhost:5000 {"metadata":{"emulator":{"name":"hosting"},"message":"Local server: \u001b[4m\u001b[1mhttp://localhost:5000\u001b[22m\u001b[24m"}}
[debug] [2021-02-28T05:56:40.193Z] Ignoring unsupported arg: auto_download {"metadata":{"emulator":{"name":"ui"},"message":"Ignoring unsupported arg: auto_download"}}
[debug] [2021-02-28T05:56:40.194Z] Ignoring unsupported arg: port {"metadata":{"emulator":{"name":"ui"},"message":"Ignoring unsupported arg: port"}}
[debug] [2021-02-28T05:56:40.194Z] Starting Emulator UI with command {"binary":"node","args":["/Users/zidaan/.cache/firebase/emulators/ui-v1.4.1/server.bundle.js"],"optionalArgs":[],"joinArgs":false} {"metadata":{"emulator":{"name":"ui"},"message":"Starting Emulator UI with command {\"binary\":\"node\",\"args\":[\"/Users/zidaan/.cache/firebase/emulators/ui-v1.4.1/server.bundle.js\"],\"optionalArgs\":[],\"joinArgs\":false}"}}
[info] i  ui: Emulator UI logging to ui-debug.log {"metadata":{"emulator":{"name":"ui"},"message":"Emulator UI logging to \u001b[1mui-debug.log\u001b[22m"}}
[debug] [2021-02-28T05:56:40.344Z] Web / API server started at http://localhost:4000
 {"metadata":{"emulator":{"name":"ui"},"message":"Web / API server started at http://localhost:4000\n"}}
[info] i  functions: Watching "/Users/zidaan/Documents/Projects/React/amazon-clone/functions" for Cloud Functions... {"metadata":{"emulator":{"name":"functions"},"message":"Watching \"/Users/zidaan/Documents/Projects/React/amazon-clone/functions\" for Cloud Functions..."}}
[debug] [2021-02-28T05:56:40.473Z] [worker-pool] addWorker(~diagnostic~) {"metadata":{"emulator":{"name":"functions"},"message":"[worker-pool] addWorker(~diagnostic~)"}}
[debug] [2021-02-28T05:56:40.474Z] [worker-pool] Adding worker with key ~diagnostic~, total=1 {"metadata":{"emulator":{"name":"functions"},"message":"[worker-pool] Adding worker with key ~diagnostic~, total=1"}}
[debug] [2021-02-28T05:56:40.474Z] [worker-pool] submitWork(triggerId=) {"metadata":{"emulator":{"name":"functions"},"message":"[worker-pool] submitWork(triggerId=)"}}
[debug] [2021-02-28T05:56:40.474Z] [worker-~diagnostic~-7e3097f4-9f37-4b61-83fa-27e399d51dc5]: Assigning socketPath: /tmp/fire_emu_39464.sock {"metadata":{"emulator":{"name":"functions"},"message":"[worker-~diagnostic~-7e3097f4-9f37-4b61-83fa-27e399d51dc5]: Assigning socketPath: /tmp/fire_emu_39464.sock"}}
[debug] [2021-02-28T05:56:40.475Z] [worker-~diagnostic~-7e3097f4-9f37-4b61-83fa-27e399d51dc5]: BUSY {"metadata":{"emulator":{"name":"functions"},"message":"[worker-~diagnostic~-7e3097f4-9f37-4b61-83fa-27e399d51dc5]: BUSY"}}
[debug] [2021-02-28T05:56:40.916Z] [runtime-status] [39464] Functions runtime initialized. {"cwd":"/Users/zidaan/Documents/Projects/React/amazon-clone/functions","node_version":"14.15.4"} {"metadata":{"emulator":{"name":"functions"},"message":"[runtime-status] [39464] Functions runtime initialized. {\"cwd\":\"/Users/zidaan/Documents/Projects/React/amazon-clone/functions\",\"node_version\":\"14.15.4\"}"}}
[debug] [2021-02-28T05:56:40.917Z] [runtime-status] [39464] Disabled runtime features: undefined {"metadata":{"emulator":{"name":"functions"},"message":"[runtime-status] [39464] Disabled runtime features: undefined"}}
[debug] [2021-02-28T05:56:40.923Z] [runtime-status] [39464] Resolved module firebase-admin {"declared":true,"installed":true,"version":"9.5.0","resolution":"/Users/zidaan/Documents/Projects/React/amazon-clone/functions/node_modules/firebase-admin/lib/index.js"} {"metadata":{"emulator":{"name":"functions"},"message":"[runtime-status] [39464] Resolved module firebase-admin {\"declared\":true,\"installed\":true,\"version\":\"9.5.0\",\"resolution\":\"/Users/zidaan/Documents/Projects/React/amazon-clone/functions/node_modules/firebase-admin/lib/index.js\"}"}}
[debug] [2021-02-28T05:56:40.928Z] [runtime-status] [39464] Resolved module firebase-functions {"declared":true,"installed":true,"version":"3.13.2","resolution":"/Users/zidaan/Documents/Projects/React/amazon-clone/functions/node_modules/firebase-functions/lib/index.js"} {"metadata":{"emulator":{"name":"functions"},"message":"[runtime-status] [39464] Resolved module firebase-functions {\"declared\":true,\"installed\":true,\"version\":\"3.13.2\",\"resolution\":\"/Users/zidaan/Documents/Projects/React/amazon-clone/functions/node_modules/firebase-functions/lib/index.js\"}"}}
[debug] [2021-02-28T05:56:40.935Z] [runtime-status] [39464] Resolved module firebase-functions {"declared":true,"installed":true,"version":"3.13.2","resolution":"/Users/zidaan/Documents/Projects/React/amazon-clone/functions/node_modules/firebase-functions/lib/index.js"} {"metadata":{"emulator":{"name":"functions"},"message":"[runtime-status] [39464] Resolved module firebase-functions {\"declared\":true,\"installed\":true,\"version\":\"3.13.2\",\"resolution\":\"/Users/zidaan/Documents/Projects/React/amazon-clone/functions/node_modules/firebase-functions/lib/index.js\"}"}}
[debug] [2021-02-28T05:56:40.935Z] [runtime-status] [39464] Outgoing network have been stubbed. [{"name":"http","status":"mocked"},{"name":"http","status":"mocked"},{"name":"https","status":"mocked"},{"name":"https","status":"mocked"},{"name":"net","status":"mocked"}] {"metadata":{"emulator":{"name":"functions"},"message":"[runtime-status] [39464] Outgoing network have been stubbed. [{\"name\":\"http\",\"status\":\"mocked\"},{\"name\":\"http\",\"status\":\"mocked\"},{\"name\":\"https\",\"status\":\"mocked\"},{\"name\":\"https\",\"status\":\"mocked\"},{\"name\":\"net\",\"status\":\"mocked\"}]"}}
[debug] [2021-02-28T05:56:40.936Z] [runtime-status] [39464] Resolved module firebase-functions {"declared":true,"installed":true,"version":"3.13.2","resolution":"/Users/zidaan/Documents/Projects/React/amazon-clone/functions/node_modules/firebase-functions/lib/index.js"} {"metadata":{"emulator":{"name":"functions"},"message":"[runtime-status] [39464] Resolved module firebase-functions {\"declared\":true,\"installed\":true,\"version\":\"3.13.2\",\"resolution\":\"/Users/zidaan/Documents/Projects/React/amazon-clone/functions/node_modules/firebase-functions/lib/index.js\"}"}}
[debug] [2021-02-28T05:56:41.064Z] [runtime-status] [39464] Checked functions.config() {"config":{}} {"metadata":{"emulator":{"name":"functions"},"message":"[runtime-status] [39464] Checked functions.config() {\"config\":{}}"}}
[debug] [2021-02-28T05:56:41.065Z] [runtime-status] [39464] firebase-functions has been stubbed. {"functionsResolution":{"declared":true,"installed":true,"version":"3.13.2","resolution":"/Users/zidaan/Documents/Projects/React/amazon-clone/functions/node_modules/firebase-functions/lib/index.js"}} {"metadata":{"emulator":{"name":"functions"},"message":"[runtime-status] [39464] firebase-functions has been stubbed. {\"functionsResolution\":{\"declared\":true,\"installed\":true,\"version\":\"3.13.2\",\"resolution\":\"/Users/zidaan/Documents/Projects/React/amazon-clone/functions/node_modules/firebase-functions/lib/index.js\"}}"}}
[debug] [2021-02-28T05:56:41.065Z] [runtime-status] [39464] Resolved module firebase-functions {"declared":true,"installed":true,"version":"3.13.2","resolution":"/Users/zidaan/Documents/Projects/React/amazon-clone/functions/node_modules/firebase-functions/lib/index.js"} {"metadata":{"emulator":{"name":"functions"},"message":"[runtime-status] [39464] Resolved module firebase-functions {\"declared\":true,\"installed\":true,\"version\":\"3.13.2\",\"resolution\":\"/Users/zidaan/Documents/Projects/React/amazon-clone/functions/node_modules/firebase-functions/lib/index.js\"}"}}
[debug] [2021-02-28T05:56:41.066Z] [runtime-status] [39464] Resolved module firebase-admin {"declared":true,"installed":true,"version":"9.5.0","resolution":"/Users/zidaan/Documents/Projects/React/amazon-clone/functions/node_modules/firebase-admin/lib/index.js"} {"metadata":{"emulator":{"name":"functions"},"message":"[runtime-status] [39464] Resolved module firebase-admin {\"declared\":true,\"installed\":true,\"version\":\"9.5.0\",\"resolution\":\"/Users/zidaan/Documents/Projects/React/amazon-clone/functions/node_modules/firebase-admin/lib/index.js\"}"}}
[debug] [2021-02-28T05:56:41.067Z] [runtime-status] [39464] Resolved module firebase-functions {"declared":true,"installed":true,"version":"3.13.2","resolution":"/Users/zidaan/Documents/Projects/React/amazon-clone/functions/node_modules/firebase-functions/lib/index.js"} {"metadata":{"emulator":{"name":"functions"},"message":"[runtime-status] [39464] Resolved module firebase-functions {\"declared\":true,\"installed\":true,\"version\":\"3.13.2\",\"resolution\":\"/Users/zidaan/Documents/Projects/React/amazon-clone/functions/node_modules/firebase-functions/lib/index.js\"}"}}
[debug] [2021-02-28T05:56:41.067Z] [runtime-status] [39464] firebase-admin has been stubbed. {"adminResolution":{"declared":true,"installed":true,"version":"9.5.0","resolution":"/Users/zidaan/Documents/Projects/React/amazon-clone/functions/node_modules/firebase-admin/lib/index.js"}} {"metadata":{"emulator":{"name":"functions"},"message":"[runtime-status] [39464] firebase-admin has been stubbed. {\"adminResolution\":{\"declared\":true,\"installed\":true,\"version\":\"9.5.0\",\"resolution\":\"/Users/zidaan/Documents/Projects/React/amazon-clone/functions/node_modules/firebase-admin/lib/index.js\"}}"}}
[info] ✔  functions[api]: http function initialized (http://localhost:5001/challenge-fe8f5/us-central1/api). {"metadata":{"emulator":{"name":"functions"},"message":"\u001b[1mhttp\u001b[22m function initialized (http://localhost:5001/challenge-fe8f5/us-central1/api)."}}
[info] 
┌─────────────────────────────────────────────────────────────┐
│ ✔  All emulators ready! It is now safe to connect your app. │
│ i  View Emulator UI at http://localhost:4000                │
└─────────────────────────────────────────────────────────────┘

┌───────────┬────────────────┬─────────────────────────────────┐
│ Emulator  │ Host:Port      │ View in Emulator UI             │
├───────────┼────────────────┼─────────────────────────────────┤
│ Functions │ localhost:5001 │ http://localhost:4000/functions │
├───────────┼────────────────┼─────────────────────────────────┤
│ Hosting   │ localhost:5000 │ n/a                             │
└───────────┴────────────────┴─────────────────────────────────┘
  Emulator Hub running at localhost:4400
  Other reserved ports: 4500

Issues? Report them at https://github.com/firebase/firebase-tools/issues and attach the *-debug.log files.
 
[debug] [2021-02-28T05:56:41.634Z] [worker-~diagnostic~-7e3097f4-9f37-4b61-83fa-27e399d51dc5]: IDLE {"metadata":{"emulator":{"name":"functions"},"message":"[worker-~diagnostic~-7e3097f4-9f37-4b61-83fa-27e399d51dc5]: IDLE"}}
[debug] [2021-02-28T06:04:05.675Z] [work-queue] {"queueLength":1,"workRunningCount":0}
[debug] [2021-02-28T06:04:05.675Z] [work-queue] {"queueLength":0,"workRunningCount":1}
[debug] [2021-02-28T06:04:05.676Z] Accepted request POST /challenge-fe8f5/us-central1/api/payments/create?total=26292 --> api
[debug] [2021-02-28T06:04:05.683Z] [worker-pool] addWorker(api) {"metadata":{"emulator":{"name":"functions"},"message":"[worker-pool] addWorker(api)"}}
[debug] [2021-02-28T06:04:05.684Z] [worker-pool] Adding worker with key api, total=1 {"metadata":{"emulator":{"name":"functions"},"message":"[worker-pool] Adding worker with key api, total=1"}}
[debug] [2021-02-28T06:04:05.684Z] [worker-pool] submitWork(triggerId=api) {"metadata":{"emulator":{"name":"functions"},"message":"[worker-pool] submitWork(triggerId=api)"}}
[debug] [2021-02-28T06:04:05.684Z] [worker-api-c1629ac7-ccc0-457e-a77e-56cd8a2c7b50]: Assigning socketPath: /tmp/fire_emu_39510.sock {"metadata":{"emulator":{"name":"functions"},"message":"[worker-api-c1629ac7-ccc0-457e-a77e-56cd8a2c7b50]: Assigning socketPath: /tmp/fire_emu_39510.sock"}}
[debug] [2021-02-28T06:04:05.684Z] [worker-api-c1629ac7-ccc0-457e-a77e-56cd8a2c7b50]: BUSY {"metadata":{"emulator":{"name":"functions"},"message":"[worker-api-c1629ac7-ccc0-457e-a77e-56cd8a2c7b50]: BUSY"}}
[debug] [2021-02-28T06:04:06.454Z] [runtime-status] [39510] Functions runtime initialized. {"cwd":"/Users/zidaan/Documents/Projects/React/amazon-clone/functions","node_version":"14.15.4"} {"metadata":{"emulator":{"name":"functions"},"function":{"name":"api"},"message":"[runtime-status] [39510] Functions runtime initialized. {\"cwd\":\"/Users/zidaan/Documents/Projects/React/amazon-clone/functions\",\"node_version\":\"14.15.4\"}"}}
[debug] [2021-02-28T06:04:06.456Z] [runtime-status] [39510] Disabled runtime features: undefined {"metadata":{"emulator":{"name":"functions"},"function":{"name":"api"},"message":"[runtime-status] [39510] Disabled runtime features: undefined"}}
[debug] [2021-02-28T06:04:06.462Z] [runtime-status] [39510] Resolved module firebase-admin {"declared":true,"installed":true,"version":"9.5.0","resolution":"/Users/zidaan/Documents/Projects/React/amazon-clone/functions/node_modules/firebase-admin/lib/index.js"} {"metadata":{"emulator":{"name":"functions"},"function":{"name":"api"},"message":"[runtime-status] [39510] Resolved module firebase-admin {\"declared\":true,\"installed\":true,\"version\":\"9.5.0\",\"resolution\":\"/Users/zidaan/Documents/Projects/React/amazon-clone/functions/node_modules/firebase-admin/lib/index.js\"}"}}
[debug] [2021-02-28T06:04:06.466Z] [runtime-status] [39510] Resolved module firebase-functions {"declared":true,"installed":true,"version":"3.13.2","resolution":"/Users/zidaan/Documents/Projects/React/amazon-clone/functions/node_modules/firebase-functions/lib/index.js"} {"metadata":{"emulator":{"name":"functions"},"function":{"name":"api"},"message":"[runtime-status] [39510] Resolved module firebase-functions {\"declared\":true,\"installed\":true,\"version\":\"3.13.2\",\"resolution\":\"/Users/zidaan/Documents/Projects/React/amazon-clone/functions/node_modules/firebase-functions/lib/index.js\"}"}}
[debug] [2021-02-28T06:04:06.473Z] [runtime-status] [39510] Resolved module firebase-functions {"declared":true,"installed":true,"version":"3.13.2","resolution":"/Users/zidaan/Documents/Projects/React/amazon-clone/functions/node_modules/firebase-functions/lib/index.js"} {"metadata":{"emulator":{"name":"functions"},"function":{"name":"api"},"message":"[runtime-status] [39510] Resolved module firebase-functions {\"declared\":true,\"installed\":true,\"version\":\"3.13.2\",\"resolution\":\"/Users/zidaan/Documents/Projects/React/amazon-clone/functions/node_modules/firebase-functions/lib/index.js\"}"}}
[debug] [2021-02-28T06:04:06.474Z] [runtime-status] [39510] Outgoing network have been stubbed. [{"name":"http","status":"mocked"},{"name":"http","status":"mocked"},{"name":"https","status":"mocked"},{"name":"https","status":"mocked"},{"name":"net","status":"mocked"}] {"metadata":{"emulator":{"name":"functions"},"function":{"name":"api"},"message":"[runtime-status] [39510] Outgoing network have been stubbed. [{\"name\":\"http\",\"status\":\"mocked\"},{\"name\":\"http\",\"status\":\"mocked\"},{\"name\":\"https\",\"status\":\"mocked\"},{\"name\":\"https\",\"status\":\"mocked\"},{\"name\":\"net\",\"status\":\"mocked\"}]"}}
[debug] [2021-02-28T06:04:06.474Z] [runtime-status] [39510] Resolved module firebase-functions {"declared":true,"installed":true,"version":"3.13.2","resolution":"/Users/zidaan/Documents/Projects/React/amazon-clone/functions/node_modules/firebase-functions/lib/index.js"} {"metadata":{"emulator":{"name":"functions"},"function":{"name":"api"},"message":"[runtime-status] [39510] Resolved module firebase-functions {\"declared\":true,\"installed\":true,\"version\":\"3.13.2\",\"resolution\":\"/Users/zidaan/Documents/Projects/React/amazon-clone/functions/node_modules/firebase-functions/lib/index.js\"}"}}
[debug] [2021-02-28T06:04:06.638Z] [runtime-status] [39510] Checked functions.config() {"config":{}} {"metadata":{"emulator":{"name":"functions"},"function":{"name":"api"},"message":"[runtime-status] [39510] Checked functions.config() {\"config\":{}}"}}
[debug] [2021-02-28T06:04:06.643Z] [runtime-status] [39510] firebase-functions has been stubbed. {"functionsResolution":{"declared":true,"installed":true,"version":"3.13.2","resolution":"/Users/zidaan/Documents/Projects/React/amazon-clone/functions/node_modules/firebase-functions/lib/index.js"}} {"metadata":{"emulator":{"name":"functions"},"function":{"name":"api"},"message":"[runtime-status] [39510] firebase-functions has been stubbed. {\"functionsResolution\":{\"declared\":true,\"installed\":true,\"version\":\"3.13.2\",\"resolution\":\"/Users/zidaan/Documents/Projects/React/amazon-clone/functions/node_modules/firebase-functions/lib/index.js\"}}"}}
[debug] [2021-02-28T06:04:06.649Z] [runtime-status] [39510] Resolved module firebase-functions {"declared":true,"installed":true,"version":"3.13.2","resolution":"/Users/zidaan/Documents/Projects/React/amazon-clone/functions/node_modules/firebase-functions/lib/index.js"} {"metadata":{"emulator":{"name":"functions"},"function":{"name":"api"},"message":"[runtime-status] [39510] Resolved module firebase-functions {\"declared\":true,\"installed\":true,\"version\":\"3.13.2\",\"resolution\":\"/Users/zidaan/Documents/Projects/React/amazon-clone/functions/node_modules/firebase-functions/lib/index.js\"}"}}
[debug] [2021-02-28T06:04:06.652Z] [runtime-status] [39510] Resolved module firebase-admin {"declared":true,"installed":true,"version":"9.5.0","resolution":"/Users/zidaan/Documents/Projects/React/amazon-clone/functions/node_modules/firebase-admin/lib/index.js"} {"metadata":{"emulator":{"name":"functions"},"function":{"name":"api"},"message":"[runtime-status] [39510] Resolved module firebase-admin {\"declared\":true,\"installed\":true,\"version\":\"9.5.0\",\"resolution\":\"/Users/zidaan/Documents/Projects/React/amazon-clone/functions/node_modules/firebase-admin/lib/index.js\"}"}}
[debug] [2021-02-28T06:04:06.658Z] [runtime-status] [39510] Resolved module firebase-functions {"declared":true,"installed":true,"version":"3.13.2","resolution":"/Users/zidaan/Documents/Projects/React/amazon-clone/functions/node_modules/firebase-functions/lib/index.js"} {"metadata":{"emulator":{"name":"functions"},"function":{"name":"api"},"message":"[runtime-status] [39510] Resolved module firebase-functions {\"declared\":true,\"installed\":true,\"version\":\"3.13.2\",\"resolution\":\"/Users/zidaan/Documents/Projects/React/amazon-clone/functions/node_modules/firebase-functions/lib/index.js\"}"}}
[debug] [2021-02-28T06:04:06.660Z] [runtime-status] [39510] firebase-admin has been stubbed. {"adminResolution":{"declared":true,"installed":true,"version":"9.5.0","resolution":"/Users/zidaan/Documents/Projects/React/amazon-clone/functions/node_modules/firebase-admin/lib/index.js"}} {"metadata":{"emulator":{"name":"functions"},"function":{"name":"api"},"message":"[runtime-status] [39510] firebase-admin has been stubbed. {\"adminResolution\":{\"declared\":true,\"installed\":true,\"version\":\"9.5.0\",\"resolution\":\"/Users/zidaan/Documents/Projects/React/amazon-clone/functions/node_modules/firebase-admin/lib/index.js\"}}"}}
[debug] [2021-02-28T06:04:07.404Z] [runtime-status] [39510] Trigger "api" has been found, beginning invocation! {"metadata":{"emulator":{"name":"functions"},"function":{"name":"api"},"message":"[runtime-status] [39510] Trigger \"api\" has been found, beginning invocation!"}}
[info] i  functions: Beginning execution of "api" {"metadata":{"emulator":{"name":"functions"},"function":{"name":"api"},"message":"Beginning execution of \"api\""}}
[debug] [2021-02-28T06:04:07.407Z] [runtime-status] [39510] triggerDefinition {"httpsTrigger":{},"name":"api","entryPoint":"api"} {"metadata":{"emulator":{"name":"functions"},"function":{"name":"api"},"message":"[runtime-status] [39510] triggerDefinition {\"httpsTrigger\":{},\"name\":\"api\",\"entryPoint\":\"api\"}"}}
[debug] [2021-02-28T06:04:07.408Z] [runtime-status] [39510] Running api in mode HTTPS {"metadata":{"emulator":{"name":"functions"},"function":{"name":"api"},"message":"[runtime-status] [39510] Running api in mode HTTPS"}}
[debug] [2021-02-28T06:04:07.422Z] [runtime-status] [39510] Attempting to listen to socketPath: /tmp/fire_emu_39510.sock {"metadata":{"emulator":{"name":"functions"},"function":{"name":"api"},"message":"[runtime-status] [39510] Attempting to listen to socketPath: /tmp/fire_emu_39510.sock"}}
[debug] [2021-02-28T06:04:07.432Z] [functions] Runtime ready! Sending request! {"metadata":{"emulator":{"name":"functions"},"message":"[functions] Runtime ready! Sending request!"}}
[debug] [2021-02-28T06:04:07.434Z] [functions] Got req.url=/challenge-fe8f5/us-central1/api/payments/create?total=26292, mapping to path=/payments/create?total=26292 {"metadata":{"emulator":{"name":"functions"},"message":"[functions] Got req.url=/challenge-fe8f5/us-central1/api/payments/create?total=26292, mapping to path=/payments/create?total=26292"}}
[debug] [2021-02-28T06:04:07.477Z] [runtime-status] [39510] Ephemeral server handling POST request {"metadata":{"emulator":{"name":"functions"},"function":{"name":"api"},"message":"[runtime-status] [39510] Ephemeral server handling POST request"}}
[info] >  Payment Request Recieved BOOOM for this amount >>> 26292 {"user":"Payment Request Recieved BOOOM for this amount >>> 26292","metadata":{"emulator":{"name":"functions"},"function":{"name":"api"},"message":"\u001b[90m> \u001b[39m Payment Request Recieved BOOOM for this amount >>> 26292"}}
[debug] [2021-02-28T06:04:07.509Z] [runtime-status] [39510] Ephemeral server survived. {"metadata":{"emulator":{"name":"functions"},"function":{"name":"api"},"message":"[runtime-status] [39510] Ephemeral server survived."}}
[info] i  functions: Finished "api" in ~1s {"metadata":{"emulator":{"name":"functions"},"function":{"name":"api"},"message":"Finished \"api\" in ~1s"}}
[debug] [2021-02-28T06:04:08.211Z] [worker-api-c1629ac7-ccc0-457e-a77e-56cd8a2c7b50]: IDLE {"metadata":{"emulator":{"name":"functions"},"message":"[worker-api-c1629ac7-ccc0-457e-a77e-56cd8a2c7b50]: IDLE"}}
[debug] [2021-02-28T06:04:08.211Z] [work-queue] {"queueLength":0,"workRunningCount":0}
